2023-06-01 18:28:12 +0000  Initial pipeline context: <IDEDistributionProcessingPipelineContext: 0x2b5221390; archive(resolved)="<IDEArchive: 0x60006e7f3300>", distributionTask(resolved)="2", distributionDestination(resolved)="1", distributionMethod(resolved)="<IDEDistributionMethodiOSAdHoc: 0x60003412cce0>", team(resolved)="<IDEProvisioningDisambiguatableBasicTeam: 0x600001dbea80; teamID='Q4F8LCVN9A', teamName='Kroft Consultancy BV', teamType='Company', username='dorus@kroftconsultancy.nl', isFreeProvisioningTeam='0'>">
	Chain (14, self inclusive):
	<IDEDistributionProcessingPipelineContext: 0x2b5221390; archive = "<IDEArchive: 0x60006e7f3300>", distributionMethod="<IDEDistributionMethodiOSAdHoc: 0x60003412cce0>", team="<IDEProvisioningDisambiguatableBasicTeam: 0x600001dbea80; teamID='Q4F8LCVN9A', teamName='Kroft Consultancy BV', teamType='Company', username='dorus@kroftconsultancy.nl', isFreeProvisioningTeam='0'>">
	<IDEDistributionProcessingPipelineContext: 0x128ea8340; archive = "<IDEArchive: 0x60006e7f3300>", distributionMethod="<IDEDistributionMethodiOSAdHoc: 0x60003412cce0>", team="<IDEProvisioningDisambiguatableBasicTeam: 0x600001dbea80; teamID='Q4F8LCVN9A', teamName='Kroft Consultancy BV', teamType='Company', username='dorus@kroftconsultancy.nl', isFreeProvisioningTeam='0'>">
	<IDEDistributionContext: 0x17f0e54c0; archive = "<IDEArchive: 0x60006e7f3300>", distributionMethod="<IDEDistributionMethodiOSAdHoc: 0x60003412cce0>", team="<IDEProvisioningDisambiguatableBasicTeam: 0x600001dbea80; teamID='Q4F8LCVN9A', teamName='Kroft Consultancy BV', teamType='Company', username='dorus@kroftconsultancy.nl', isFreeProvisioningTeam='0'>">
	<IDEDistributionContext: 0x17f0e3d40; archive = "<IDEArchive: 0x60006e7f3300>", distributionMethod="<IDEDistributionMethodiOSAdHoc: 0x60003412cce0>", team="<IDEProvisioningDisambiguatableBasicTeam: 0x600001dbea80; teamID='Q4F8LCVN9A', teamName='Kroft Consultancy BV', teamType='Company', username='dorus@kroftconsultancy.nl', isFreeProvisioningTeam='0'>">
	<IDEDistributionContext: 0x17f0e3f60; archive = "<IDEArchive: 0x60006e7f3300>", distributionMethod="<IDEDistributionMethodiOSAdHoc: 0x60003412cce0>", team="<IDEProvisioningDisambiguatableBasicTeam: 0x600001dbea80; teamID='Q4F8LCVN9A', teamName='Kroft Consultancy BV', teamType='Company', username='dorus@kroftconsultancy.nl', isFreeProvisioningTeam='0'>">
	<IDEDistributionContext: 0x17f0d0a30; archive = "<IDEArchive: 0x60006e7f3300>", distributionMethod="<IDEDistributionMethodiOSAdHoc: 0x60003412cce0>", team="<IDEProvisioningDisambiguatableBasicTeam: 0x600001dbea80; teamID='Q4F8LCVN9A', teamName='Kroft Consultancy BV', teamType='Company', username='dorus@kroftconsultancy.nl', isFreeProvisioningTeam='0'>">
	<IDEDistributionContext: 0x2d5004ad0; archive = "<IDEArchive: 0x60006e7f3300>", distributionMethod="<IDEDistributionMethodiOSAdHoc: 0x60003412cce0>", team="<IDEProvisioningDisambiguatableBasicTeam: 0x600001dbea80; teamID='Q4F8LCVN9A', teamName='Kroft Consultancy BV', teamType='Company', username='dorus@kroftconsultancy.nl', isFreeProvisioningTeam='0'>">
	<IDEDistributionContext: 0x17f0e6bd0; archive = "<IDEArchive: 0x60006e7f3300>", distributionMethod="<IDEDistributionMethodiOSAdHoc: 0x60003412cce0>", team="<IDEProvisioningDisambiguatableBasicTeam: 0x600001dbea80; teamID='Q4F8LCVN9A', teamName='Kroft Consultancy BV', teamType='Company', username='dorus@kroftconsultancy.nl', isFreeProvisioningTeam='0'>">
	<IDEDistributionContext: 0x2d4ddd270; archive = "<IDEArchive: 0x60006e7f3300>", distributionMethod="<IDEDistributionMethodiOSAdHoc: 0x60003412cce0>", team="<IDEProvisioningDisambiguatableBasicTeam: 0x600001dbea80; teamID='Q4F8LCVN9A', teamName='Kroft Consultancy BV', teamType='Company', username='dorus@kroftconsultancy.nl', isFreeProvisioningTeam='0'>">
	<IDEDistributionContext: 0x2d07d8230; archive = "<IDEArchive: 0x60006e7f3300>", distributionMethod="<IDEDistributionMethodiOSAdHoc: 0x60003412cce0>", team="(null)">
	<IDEDistributionContext: 0x2b3971bb0; archive = "<IDEArchive: 0x60006e7f3300>", distributionMethod="<IDEDistributionMethodiOSAdHoc: 0x60003412cce0>", team="(null)">
	<IDEDistributionContext: 0x17f0e28d0; archive = "<IDEArchive: 0x60006e7f3300>", distributionMethod="<IDEDistributionMethodiOSAdHoc: 0x60003412cce0>", team="(null)">
	<IDEDistributionContext: 0x2d4df9ae0; archive = "<IDEArchive: 0x60006e7f3300>", distributionMethod="<IDEDistributionMethodiOSAdHoc: 0x60003412cce0>", team="(null)">
	<IDEDistributionContext: 0x128e32940; archive = "<IDEArchive: 0x60006e7f3300>", distributionMethod="(null)", team="(null)">
</IDEDistributionProcessingPipelineContext: 0x2b5221390>
2023-06-01 18:28:12 +0000  Processing step: IDEDistributionCreateDestRootStep
2023-06-01 18:28:12 +0000  Processing step: IDEDistributionCopyItemStep
2023-06-01 18:28:12 +0000  Running /usr/bin/ditto '-V' '/Users/dorusvanderkroft/Library/Developer/Xcode/Archives/2023-06-01/nativeTemplate 01-06-2023, 20.24.xcarchive/Products/Applications/LandanoDemo.app' '/var/folders/3q/5vcnnwfx3hxfjj0_5w7mjjdm0000gn/T/XcodeDistPipeline.~~~3Dh3kv/Root/Payload/LandanoDemo.app'
2023-06-01 18:28:12 +0000  >>> Copying /Users/dorusvanderkroft/Library/Developer/Xcode/Archives/2023-06-01/nativeTemplate 01-06-2023, 20.24.xcarchive/Products/Applications/LandanoDemo.app 
2023-06-01 18:28:12 +0000  copying file ./_CodeSignature/CodeResources ... 
2023-06-01 18:28:12 +0000  13542 bytes for ./_CodeSignature/CodeResources
2023-06-01 18:28:12 +0000  copying file ./native_dependencies.json ... 
2023-06-01 18:28:12 +0000  317 bytes for ./native_dependencies.json
2023-06-01 18:28:12 +0000  copying file ./Fontisto.ttf ... 
2023-06-01 18:28:12 +0000  313528 bytes for ./Fontisto.ttf
2023-06-01 18:28:12 +0000  copying file ./Octicons.ttf ... 
2023-06-01 18:28:12 +0000  49404 bytes for ./Octicons.ttf
2023-06-01 18:28:12 +0000  copying file ./Feather.ttf ... 
2023-06-01 18:28:12 +0000  56228 bytes for ./Feather.ttf
2023-06-01 18:28:12 +0000  copying file ./Entypo.ttf ... 
2023-06-01 18:28:12 +0000  66200 bytes for ./Entypo.ttf
2023-06-01 18:28:12 +0000  copying file ./FontAwesome5_Brands.ttf ... 
2023-06-01 18:28:12 +0000  134040 bytes for ./FontAwesome5_Brands.ttf
2023-06-01 18:28:12 +0000  copying file ./MaterialCommunityIcons.ttf ... 
2023-06-01 18:28:12 +0000  1147844 bytes for ./MaterialCommunityIcons.ttf
2023-06-01 18:28:12 +0000  copying file ./AppIcon60x60@2x.png ... 
2023-06-01 18:28:12 +0000  3846 bytes for ./AppIcon60x60@2x.png
2023-06-01 18:28:12 +0000  copying file ./AntDesign.ttf ... 
2023-06-01 18:28:12 +0000  70344 bytes for ./AntDesign.ttf
2023-06-01 18:28:12 +0000  copying file ./Foundation.ttf ... 
2023-06-01 18:28:12 +0000  56976 bytes for ./Foundation.ttf
2023-06-01 18:28:12 +0000  copying file ./Ionicons.ttf ... 
2023-06-01 18:28:12 +0000  247192 bytes for ./Ionicons.ttf
2023-06-01 18:28:12 +0000  copying file ./FontAwesome5_Solid.ttf ... 
2023-06-01 18:28:12 +0000  202744 bytes for ./FontAwesome5_Solid.ttf
2023-06-01 18:28:12 +0000  copying file ./FontAwesome5_Regular.ttf ... 
2023-06-01 18:28:12 +0000  33736 bytes for ./FontAwesome5_Regular.ttf
2023-06-01 18:28:12 +0000  copying file ./Bundle/index.ios.bundle ... 
2023-06-01 18:28:12 +0000  3671397 bytes for ./Bundle/index.ios.bundle
2023-06-01 18:28:12 +0000  copying file ./Bundle/.gitkeep ... 
0 bytes for ./Bundle/.gitkeep
2023-06-01 18:28:12 +0000  copying file ./Bundle/assets/node_modules/react-navigation-stack/lib/module/vendor/views/assets/back-icon@3x.png ... 
2023-06-01 18:28:12 +0000  761 bytes for ./Bundle/assets/node_modules/react-navigation-stack/lib/module/vendor/views/assets/back-icon@3x.png
2023-06-01 18:28:12 +0000  copying file ./Bundle/assets/node_modules/react-navigation-stack/lib/module/vendor/views/assets/back-icon@2x.png ... 
2023-06-01 18:28:12 +0000  405 bytes for ./Bundle/assets/node_modules/react-navigation-stack/lib/module/vendor/views/assets/back-icon@2x.png
2023-06-01 18:28:12 +0000  copying file ./Bundle/assets/node_modules/react-navigation-stack/lib/module/vendor/views/assets/back-icon.png ... 
2023-06-01 18:28:12 +0000  290 bytes for ./Bundle/assets/node_modules/react-navigation-stack/lib/module/vendor/views/assets/back-icon.png
2023-06-01 18:28:12 +0000  copying file ./Bundle/assets/node_modules/react-navigation-stack/lib/module/vendor/views/assets/back-icon-mask.png ... 
2023-06-01 18:28:12 +0000  913 bytes for ./Bundle/assets/node_modules/react-navigation-stack/lib/module/vendor/views/assets/back-icon-mask.png
2023-06-01 18:28:12 +0000  copying file ./Bundle/assets/img/Atlas_NativeMobile_Content$Native_Content$PT_Map_Bottomsheet_Restaurant.png ... 
2023-06-01 18:28:12 +0000  28553 bytes for ./Bundle/assets/img/Atlas_NativeMobile_Content$Native_Content$PT_Map_Bottomsheet_Restaurant.png
2023-06-01 18:28:12 +0000  copying file ./Bundle/assets/img/Atlas_NativeMobile_Content$Native_Content$PT_Map_Bottomsheet_Tokyo.png ... 
2023-06-01 18:28:12 +0000  5442 bytes for ./Bundle/assets/img/Atlas_NativeMobile_Content$Native_Content$PT_Map_Bottomsheet_Tokyo.png
2023-06-01 18:28:12 +0000  copying file ./Bundle/assets/img/Atlas_NativeMobile_Content$Native_Content$bb_header_image.png ... 
2023-06-01 18:28:12 +0000  263382 bytes for ./Bundle/assets/img/Atlas_NativeMobile_Content$Native_Content$bb_header_image.png
2023-06-01 18:28:12 +0000  copying file ./Bundle/assets/img/LandanoStyling$Image_collection$logo_pin_text_horizontal_blue.png ... 
2023-06-01 18:28:12 +0000  5272 bytes for ./Bundle/assets/img/LandanoStyling$Image_collection$logo_pin_text_horizontal_blue.png
2023-06-01 18:28:12 +0000  copying file ./Bundle/assets/img/LandanoStyling$Image_collection$user.jpg ... 
2023-06-01 18:28:12 +0000  57305 bytes for ./Bundle/assets/img/LandanoStyling$Image_collection$user.jpg
2023-06-01 18:28:12 +0000  copying file ./Bundle/assets/img/LandanoStyling$Image_collection$logo_pin_blue.jpg ... 
2023-06-01 18:28:12 +0000  162778 bytes for ./Bundle/assets/img/LandanoStyling$Image_collection$logo_pin_blue.jpg
2023-06-01 18:28:12 +0000  copying file ./Bundle/assets/img/LandanoStyling$Image_collection$logo.png ... 
2023-06-01 18:28:12 +0000  5272 bytes for ./Bundle/assets/img/LandanoStyling$Image_collection$logo.png
2023-06-01 18:28:12 +0000  copying file ./Bundle/assets/img/Atlas_NativeMobile_Content$Native_Content$PT_Map_Bottomsheet_Nightlife.png ... 
2023-06-01 18:28:12 +0000  29729 bytes for ./Bundle/assets/img/Atlas_NativeMobile_Content$Native_Content$PT_Map_Bottomsheet_Nightlife.png
2023-06-01 18:28:12 +0000  copying file ./Bundle/assets/img/LandanoStyling$Image_collection$plot.png ... 
2023-06-01 18:28:12 +0000  22107 bytes for ./Bundle/assets/img/LandanoStyling$Image_collection$plot.png
2023-06-01 18:28:12 +0000  copying file ./glyphicons-halflings-regular.ttf ... 
2023-06-01 18:28:12 +0000  45404 bytes for ./glyphicons-halflings-regular.ttf
2023-06-01 18:28:12 +0000  copying file ./AccessibilityResources.bundle/en.lproj/Localizable.strings ... 
2023-06-01 18:28:12 +0000  518 bytes for ./AccessibilityResources.bundle/en.lproj/Localizable.strings
2023-06-01 18:28:12 +0000  copying file ./AccessibilityResources.bundle/Info.plist ... 
2023-06-01 18:28:12 +0000  794 bytes for ./AccessibilityResources.bundle/Info.plist
2023-06-01 18:28:12 +0000  copying file ./config.xcconfig ... 
2023-06-01 18:28:12 +0000  231 bytes for ./config.xcconfig
2023-06-01 18:28:12 +0000  copying file ./Base.lproj/LaunchScreen.storyboardc/01J-lp-oVM-view-Ze5-6b-2t3.nib ... 
2023-06-01 18:28:12 +0000  1626 bytes for ./Base.lproj/LaunchScreen.storyboardc/01J-lp-oVM-view-Ze5-6b-2t3.nib
2023-06-01 18:28:12 +0000  copying file ./Base.lproj/LaunchScreen.storyboardc/UIViewController-01J-lp-oVM.nib ... 
2023-06-01 18:28:12 +0000  896 bytes for ./Base.lproj/LaunchScreen.storyboardc/UIViewController-01J-lp-oVM.nib
2023-06-01 18:28:12 +0000  copying file ./Base.lproj/LaunchScreen.storyboardc/Info.plist ... 
2023-06-01 18:28:12 +0000  258 bytes for ./Base.lproj/LaunchScreen.storyboardc/Info.plist
2023-06-01 18:28:12 +0000  copying file ./FontAwesome.ttf ... 
2023-06-01 18:28:12 +0000  165548 bytes for ./FontAwesome.ttf
2023-06-01 18:28:12 +0000  copying file ./Zocial.ttf ... 
2023-06-01 18:28:12 +0000  25788 bytes for ./Zocial.ttf
2023-06-01 18:28:12 +0000  copying file ./Assets.car ... 
2023-06-01 18:28:12 +0000  237903 bytes for ./Assets.car
2023-06-01 18:28:12 +0000  copying file ./EvilIcons.ttf ... 
2023-06-01 18:28:12 +0000  13456 bytes for ./EvilIcons.ttf
2023-06-01 18:28:12 +0000  copying file ./AppIcon76x76@2x~ipad.png ... 
2023-06-01 18:28:12 +0000  4950 bytes for ./AppIcon76x76@2x~ipad.png
2023-06-01 18:28:12 +0000  copying file ./LandanoDemo ... 
2023-06-01 18:28:12 +0000  7746736 bytes for ./LandanoDemo
2023-06-01 18:28:12 +0000  copying file ./SimpleLineIcons.ttf ... 
54056 bytes for ./SimpleLineIcons.ttf
copying file ./embedded.mobileprovision ... 
14318 bytes for ./embedded.mobileprovision
copying file ./Info.plist ... 
2023-06-01 18:28:12 +0000  4479 bytes for ./Info.plist
2023-06-01 18:28:12 +0000  copying file ./PkgInfo ... 
2023-06-01 18:28:12 +0000  8 bytes for ./PkgInfo
2023-06-01 18:28:12 +0000  copying file ./MaterialIcons.ttf ... 
2023-06-01 18:28:12 +0000  230384 bytes for ./MaterialIcons.ttf
2023-06-01 18:28:12 +0000  /usr/bin/ditto exited with 0
2023-06-01 18:28:12 +0000  Processing step: IDEDistributionEmbedProfileStep
2023-06-01 18:28:12 +0000  Processing step: IDEDistributionInfoPlistStep
2023-06-01 18:28:12 +0000  Skipping step: IDEDistributionInfoPlistStep because it said so
2023-06-01 18:28:12 +0000  Processing step: IDEDistributionAppThinningPlistStep
2023-06-01 18:28:12 +0000  Skipping step: IDEDistributionAppThinningPlistStep because it said so
2023-06-01 18:28:12 +0000  Processing step: IDEDistributionCompileBitcodeStep
2023-06-01 18:28:12 +0000  Skipping step: IDEDistributionCompileBitcodeStep because it said so
2023-06-01 18:28:12 +0000  Processing step: IDEDistributionCodeSlimmingStep
2023-06-01 18:28:12 +0000  Processing step: IDEDistributionCopyBCSymbolMapsStep
2023-06-01 18:28:12 +0000  Skipping step: IDEDistributionCopyBCSymbolMapsStep because it said so
2023-06-01 18:28:12 +0000  Processing step: IDEDistributionSymbolsStep
2023-06-01 18:28:12 +0000  Skipping step: IDEDistributionSymbolsStep because it said so
2023-06-01 18:28:12 +0000  Processing step: IDEDistributionAppThinningStep
2023-06-01 18:28:12 +0000  Skipping step: IDEDistributionAppThinningStep because it said so
2023-06-01 18:28:12 +0000  Processing step: IDEDistributionArchThinningStep
2023-06-01 18:28:12 +0000  Running /Applications/Xcode.app/Contents/Developer/Toolchains/XcodeDefault.xctoolchain/usr/bin/lipo '/var/folders/3q/5vcnnwfx3hxfjj0_5w7mjjdm0000gn/T/XcodeDistPipeline.~~~3Dh3kv/Root/Payload/LandanoDemo.app/LandanoDemo' '-verify_arch' 'arm64e'
2023-06-01 18:28:12 +0000  /Applications/Xcode.app/Contents/Developer/Toolchains/XcodeDefault.xctoolchain/usr/bin/lipo exited with 1
2023-06-01 18:28:12 +0000  Skipping architecture thinning for item "LandanoDemo" because arch "arm64e" wasn't found
2023-06-01 18:28:12 +0000  Processing step: IDEDistributionODRStep
2023-06-01 18:28:12 +0000  Processing step: IDEDistributionStripXattrsStep
2023-06-01 18:28:12 +0000  Running /usr/bin/xattr '-crs' '/var/folders/3q/5vcnnwfx3hxfjj0_5w7mjjdm0000gn/T/XcodeDistPipeline.~~~3Dh3kv/Root/Payload/LandanoDemo.app'
2023-06-01 18:28:12 +0000  /usr/bin/xattr exited with 0
2023-06-01 18:28:12 +0000  Processing step: IDEDistributionCodesignStep
2023-06-01 18:28:12 +0000  Entitlements for <IDEDistributionItem: 0x60006e812520; bundleID='io.landano.mobileapp', path='<DVTFilePath:0x60000e9eb5d0:'/Users/dorusvanderkroft/Library/Developer/Xcode/Archives/2023-06-01/nativeTemplate 01-06-2023, 20.24.xcarchive/Products/Applications/LandanoDemo.app'>', codeSigningInfo='<_DVTCodeSigningInformation_Path: 0x600076400d70; isSigned='1', isAdHocSigned='0', signingCertificate='<DVTSigningCertificate: 0x6000076d06e0; name='Apple Development: Theodorus A H van der Kralt (3T3LFQ69NB)', hash='238DF4F1E6192FC1EBDEAC440B4404F4271AD840', serialNumber='3DAA40A03D5F43A0901939943765AA71', certificateKinds='(
    "1.2.840.113635.100.6.1.12",
    "1.2.840.113635.100.6.1.2"
), issueDate='2023-05-15 17:52:12 +0000''>', entitlements='{
    "application-identifier" = "Q4F8LCVN9A.io.landano.mobileapp";
    "com.apple.developer.team-identifier" = Q4F8LCVN9A;
    "get-task-allow" = 1;
}', teamID='Q4F8LCVN9A', identifier='io.landano.mobileapp', executablePath='<DVTFilePath:0x6000229eaa70:'/Users/dorusvanderkroft/Library/Developer/Xcode/Archives/2023-06-01/nativeTemplate 01-06-2023, 20.24.xcarchive/Products/Applications/LandanoDemo.app/LandanoDemo'>', hardenedRuntime='0'>'>: {
    "application-identifier" = "Q4F8LCVN9A.io.landano.mobileapp";
    "com.apple.developer.team-identifier" = Q4F8LCVN9A;
    "get-task-allow" = 0;
}
2023-06-01 18:28:12 +0000  Entitlements for <IDEDistributionItem: 0x60006e812520; bundleID='io.landano.mobileapp', path='<DVTFilePath:0x60000e9eb5d0:'/Users/dorusvanderkroft/Library/Developer/Xcode/Archives/2023-06-01/nativeTemplate 01-06-2023, 20.24.xcarchive/Products/Applications/LandanoDemo.app'>', codeSigningInfo='<_DVTCodeSigningInformation_Path: 0x600076400d70; isSigned='1', isAdHocSigned='0', signingCertificate='<DVTSigningCertificate: 0x6000076889a0; name='Apple Development: Theodorus A H van der Kralt (3T3LFQ69NB)', hash='238DF4F1E6192FC1EBDEAC440B4404F4271AD840', serialNumber='3DAA40A03D5F43A0901939943765AA71', certificateKinds='(
    "1.2.840.113635.100.6.1.12",
    "1.2.840.113635.100.6.1.2"
), issueDate='2023-05-15 17:52:12 +0000''>', entitlements='{
    "application-identifier" = "Q4F8LCVN9A.io.landano.mobileapp";
    "com.apple.developer.team-identifier" = Q4F8LCVN9A;
    "get-task-allow" = 1;
}', teamID='Q4F8LCVN9A', identifier='io.landano.mobileapp', executablePath='<DVTFilePath:0x6000229eaa70:'/Users/dorusvanderkroft/Library/Developer/Xcode/Archives/2023-06-01/nativeTemplate 01-06-2023, 20.24.xcarchive/Products/Applications/LandanoDemo.app/LandanoDemo'>', hardenedRuntime='0'>'> are: {
    "application-identifier" = "Q4F8LCVN9A.io.landano.mobileapp";
    "com.apple.developer.team-identifier" = Q4F8LCVN9A;
    "get-task-allow" = 0;
}
2023-06-01 18:28:12 +0000  Writing entitlements for <IDEDistributionItem: 0x60006e812520; bundleID='io.landano.mobileapp', path='<DVTFilePath:0x60000e9eb5d0:'/Users/dorusvanderkroft/Library/Developer/Xcode/Archives/2023-06-01/nativeTemplate 01-06-2023, 20.24.xcarchive/Products/Applications/LandanoDemo.app'>', codeSigningInfo='<_DVTCodeSigningInformation_Path: 0x600076400d70; isSigned='1', isAdHocSigned='0', signingCertificate='<DVTSigningCertificate: 0x600007688c60; name='Apple Development: Theodorus A H van der Kralt (3T3LFQ69NB)', hash='238DF4F1E6192FC1EBDEAC440B4404F4271AD840', serialNumber='3DAA40A03D5F43A0901939943765AA71', certificateKinds='(
    "1.2.840.113635.100.6.1.12",
    "1.2.840.113635.100.6.1.2"
), issueDate='2023-05-15 17:52:12 +0000''>', entitlements='{
    "application-identifier" = "Q4F8LCVN9A.io.landano.mobileapp";
    "com.apple.developer.team-identifier" = Q4F8LCVN9A;
    "get-task-allow" = 1;
}', teamID='Q4F8LCVN9A', identifier='io.landano.mobileapp', executablePath='<DVTFilePath:0x6000229eaa70:'/Users/dorusvanderkroft/Library/Developer/Xcode/Archives/2023-06-01/nativeTemplate 01-06-2023, 20.24.xcarchive/Products/Applications/LandanoDemo.app/LandanoDemo'>', hardenedRuntime='0'>'> to: /var/folders/3q/5vcnnwfx3hxfjj0_5w7mjjdm0000gn/T/XcodeDistPipeline.~~~3Dh3kv/entitlements~~~r4OtA4
2023-06-01 18:28:12 +0000  Running /usr/bin/codesign '-vvv' '--force' '--sign' 'F38524D7DA1935957B3BA9E0FD189055A27553DC' '--entitlements' '/var/folders/3q/5vcnnwfx3hxfjj0_5w7mjjdm0000gn/T/XcodeDistPipeline.~~~3Dh3kv/entitlements~~~r4OtA4' '--generate-entitlement-der' '--preserve-metadata=identifier,flags,runtime' '/var/folders/3q/5vcnnwfx3hxfjj0_5w7mjjdm0000gn/T/XcodeDistPipeline.~~~3Dh3kv/Root/Payload/LandanoDemo.app'
2023-06-01 18:28:12 +0000  /var/folders/3q/5vcnnwfx3hxfjj0_5w7mjjdm0000gn/T/XcodeDistPipeline.~~~3Dh3kv/Root/Payload/LandanoDemo.app: replacing existing signature
2023-06-01 18:28:13 +0000  /var/folders/3q/5vcnnwfx3hxfjj0_5w7mjjdm0000gn/T/XcodeDistPipeline.~~~3Dh3kv/Root/Payload/LandanoDemo.app: signed app bundle with Mach-O thin (arm64) [io.landano.mobileapp]
2023-06-01 18:28:13 +0000  /usr/bin/codesign exited with 0
2023-06-01 18:28:13 +0000  Processing step: IDEDistributionZipODRItemStep
2023-06-01 18:28:13 +0000  Skipping step: IDEDistributionZipODRItemStep because it said so
2023-06-01 18:28:13 +0000  Processing step: IDEDistributionCreateIPAStep
2023-06-01 18:28:13 +0000  Running /usr/bin/ditto '-V' '-c' '-k' '--norsrc' '/var/folders/3q/5vcnnwfx3hxfjj0_5w7mjjdm0000gn/T/XcodeDistPipeline.~~~3Dh3kv/Root' '/var/folders/3q/5vcnnwfx3hxfjj0_5w7mjjdm0000gn/T/XcodeDistPipeline.~~~3Dh3kv/Packages/LandanoDemo.ipa'
2023-06-01 18:28:13 +0000  >>> Copying /var/folders/3q/5vcnnwfx3hxfjj0_5w7mjjdm0000gn/T/XcodeDistPipeline.~~~3Dh3kv/Root 
2023-06-01 18:28:13 +0000  copying file ./Payload/LandanoDemo.app/_CodeSignature/CodeResources ... 
2023-06-01 18:28:13 +0000  13542 bytes for ./Payload/LandanoDemo.app/_CodeSignature/CodeResources
2023-06-01 18:28:13 +0000  copying file ./Payload/LandanoDemo.app/native_dependencies.json ... 
2023-06-01 18:28:13 +0000  317 bytes for ./Payload/LandanoDemo.app/native_dependencies.json
copying file ./Payload/LandanoDemo.app/Fontisto.ttf ... 
2023-06-01 18:28:13 +0000  313528 bytes for ./Payload/LandanoDemo.app/Fontisto.ttf
copying file ./Payload/LandanoDemo.app/Octicons.ttf ... 
2023-06-01 18:28:13 +0000  49404 bytes for ./Payload/LandanoDemo.app/Octicons.ttf
copying file ./Payload/LandanoDemo.app/Feather.ttf ... 
2023-06-01 18:28:13 +0000  56228 bytes for ./Payload/LandanoDemo.app/Feather.ttf
2023-06-01 18:28:13 +0000  copying file ./Payload/LandanoDemo.app/Entypo.ttf ... 
2023-06-01 18:28:13 +0000  66200 bytes for ./Payload/LandanoDemo.app/Entypo.ttf
2023-06-01 18:28:13 +0000  copying file ./Payload/LandanoDemo.app/FontAwesome5_Brands.ttf ... 
2023-06-01 18:28:13 +0000  134040 bytes for ./Payload/LandanoDemo.app/FontAwesome5_Brands.ttf
copying file ./Payload/LandanoDemo.app/MaterialCommunityIcons.ttf ... 
2023-06-01 18:28:13 +0000  1147844 bytes for ./Payload/LandanoDemo.app/MaterialCommunityIcons.ttf
copying file ./Payload/LandanoDemo.app/AppIcon60x60@2x.png ... 
2023-06-01 18:28:13 +0000  3846 bytes for ./Payload/LandanoDemo.app/AppIcon60x60@2x.png
2023-06-01 18:28:13 +0000  copying file ./Payload/LandanoDemo.app/AntDesign.ttf ... 
2023-06-01 18:28:13 +0000  70344 bytes for ./Payload/LandanoDemo.app/AntDesign.ttf
copying file ./Payload/LandanoDemo.app/Foundation.ttf ... 
2023-06-01 18:28:13 +0000  56976 bytes for ./Payload/LandanoDemo.app/Foundation.ttf
copying file ./Payload/LandanoDemo.app/Ionicons.ttf ... 
2023-06-01 18:28:13 +0000  247192 bytes for ./Payload/LandanoDemo.app/Ionicons.ttf
copying file ./Payload/LandanoDemo.app/FontAwesome5_Solid.ttf ... 
2023-06-01 18:28:13 +0000  202744 bytes for ./Payload/LandanoDemo.app/FontAwesome5_Solid.ttf
copying file ./Payload/LandanoDemo.app/FontAwesome5_Regular.ttf ... 
2023-06-01 18:28:13 +0000  33736 bytes for ./Payload/LandanoDemo.app/FontAwesome5_Regular.ttf
2023-06-01 18:28:13 +0000  copying file ./Payload/LandanoDemo.app/Bundle/index.ios.bundle ... 
2023-06-01 18:28:13 +0000  3671397 bytes for ./Payload/LandanoDemo.app/Bundle/index.ios.bundle
copying file ./Payload/LandanoDemo.app/Bundle/.gitkeep ... 
2023-06-01 18:28:13 +0000  0 bytes for ./Payload/LandanoDemo.app/Bundle/.gitkeep
copying file ./Payload/LandanoDemo.app/Bundle/assets/node_modules/react-navigation-stack/lib/module/vendor/views/assets/back-icon@3x.png ... 
761 bytes for ./Payload/LandanoDemo.app/Bundle/assets/node_modules/react-navigation-stack/lib/module/vendor/views/assets/back-icon@3x.png
copying file ./Payload/LandanoDemo.app/Bundle/assets/node_modules/react-navigation-stack/lib/module/vendor/views/assets/back-icon@2x.png ... 
405 bytes for ./Payload/LandanoDemo.app/Bundle/assets/node_modules/react-navigation-stack/lib/module/vendor/views/assets/back-icon@2x.png
copying file ./Payload/LandanoDemo.app/Bundle/assets/node_modules/react-navigation-stack/lib/module/vendor/views/assets/back-icon.png ... 
290 bytes for ./Payload/LandanoDemo.app/Bundle/assets/node_modules/react-navigation-stack/lib/module/vendor/views/assets/back-icon.png
copying file ./Payload/LandanoDemo.app/Bundle/assets/node_modules/react-navigation-stack/lib/module/vendor/views/assets/back-icon-mask.png ... 
913 bytes for ./Payload/LandanoDemo.app/Bundle/assets/node_modules/react-navigation-stack/lib/module/vendor/views/assets/back-icon-mask.png
2023-06-01 18:28:13 +0000  copying file ./Payload/LandanoDemo.app/Bundle/assets/img/Atlas_NativeMobile_Content$Native_Content$PT_Map_Bottomsheet_Restaurant.png ... 
2023-06-01 18:28:13 +0000  28553 bytes for ./Payload/LandanoDemo.app/Bundle/assets/img/Atlas_NativeMobile_Content$Native_Content$PT_Map_Bottomsheet_Restaurant.png
copying file ./Payload/LandanoDemo.app/Bundle/assets/img/Atlas_NativeMobile_Content$Native_Content$PT_Map_Bottomsheet_Tokyo.png ... 
2023-06-01 18:28:13 +0000  5442 bytes for ./Payload/LandanoDemo.app/Bundle/assets/img/Atlas_NativeMobile_Content$Native_Content$PT_Map_Bottomsheet_Tokyo.png
copying file ./Payload/LandanoDemo.app/Bundle/assets/img/Atlas_NativeMobile_Content$Native_Content$bb_header_image.png ... 
2023-06-01 18:28:13 +0000  263382 bytes for ./Payload/LandanoDemo.app/Bundle/assets/img/Atlas_NativeMobile_Content$Native_Content$bb_header_image.png
copying file ./Payload/LandanoDemo.app/Bundle/assets/img/LandanoStyling$Image_collection$logo_pin_text_horizontal_blue.png ... 
2023-06-01 18:28:13 +0000  5272 bytes for ./Payload/LandanoDemo.app/Bundle/assets/img/LandanoStyling$Image_collection$logo_pin_text_horizontal_blue.png
copying file ./Payload/LandanoDemo.app/Bundle/assets/img/LandanoStyling$Image_collection$user.jpg ... 
2023-06-01 18:28:13 +0000  57305 bytes for ./Payload/LandanoDemo.app/Bundle/assets/img/LandanoStyling$Image_collection$user.jpg
copying file ./Payload/LandanoDemo.app/Bundle/assets/img/LandanoStyling$Image_collection$logo_pin_blue.jpg ... 
2023-06-01 18:28:13 +0000  162778 bytes for ./Payload/LandanoDemo.app/Bundle/assets/img/LandanoStyling$Image_collection$logo_pin_blue.jpg
copying file ./Payload/LandanoDemo.app/Bundle/assets/img/LandanoStyling$Image_collection$logo.png ... 
2023-06-01 18:28:13 +0000  5272 bytes for ./Payload/LandanoDemo.app/Bundle/assets/img/LandanoStyling$Image_collection$logo.png
2023-06-01 18:28:13 +0000  copying file ./Payload/LandanoDemo.app/Bundle/assets/img/Atlas_NativeMobile_Content$Native_Content$PT_Map_Bottomsheet_Nightlife.png ... 
2023-06-01 18:28:13 +0000  29729 bytes for ./Payload/LandanoDemo.app/Bundle/assets/img/Atlas_NativeMobile_Content$Native_Content$PT_Map_Bottomsheet_Nightlife.png
copying file ./Payload/LandanoDemo.app/Bundle/assets/img/LandanoStyling$Image_collection$plot.png ... 
2023-06-01 18:28:13 +0000  22107 bytes for ./Payload/LandanoDemo.app/Bundle/assets/img/LandanoStyling$Image_collection$plot.png
2023-06-01 18:28:13 +0000  copying file ./Payload/LandanoDemo.app/glyphicons-halflings-regular.ttf ... 
2023-06-01 18:28:13 +0000  45404 bytes for ./Payload/LandanoDemo.app/glyphicons-halflings-regular.ttf
2023-06-01 18:28:13 +0000  copying file ./Payload/LandanoDemo.app/AccessibilityResources.bundle/en.lproj/Localizable.strings ... 
2023-06-01 18:28:13 +0000  518 bytes for ./Payload/LandanoDemo.app/AccessibilityResources.bundle/en.lproj/Localizable.strings
2023-06-01 18:28:13 +0000  copying file ./Payload/LandanoDemo.app/AccessibilityResources.bundle/Info.plist ... 
2023-06-01 18:28:13 +0000  794 bytes for ./Payload/LandanoDemo.app/AccessibilityResources.bundle/Info.plist
2023-06-01 18:28:13 +0000  copying file ./Payload/LandanoDemo.app/config.xcconfig ... 
2023-06-01 18:28:13 +0000  231 bytes for ./Payload/LandanoDemo.app/config.xcconfig
2023-06-01 18:28:13 +0000  copying file ./Payload/LandanoDemo.app/Base.lproj/LaunchScreen.storyboardc/01J-lp-oVM-view-Ze5-6b-2t3.nib ... 
2023-06-01 18:28:13 +0000  1626 bytes for ./Payload/LandanoDemo.app/Base.lproj/LaunchScreen.storyboardc/01J-lp-oVM-view-Ze5-6b-2t3.nib
2023-06-01 18:28:13 +0000  copying file ./Payload/LandanoDemo.app/Base.lproj/LaunchScreen.storyboardc/UIViewController-01J-lp-oVM.nib ... 
2023-06-01 18:28:13 +0000  896 bytes for ./Payload/LandanoDemo.app/Base.lproj/LaunchScreen.storyboardc/UIViewController-01J-lp-oVM.nib
2023-06-01 18:28:13 +0000  copying file ./Payload/LandanoDemo.app/Base.lproj/LaunchScreen.storyboardc/Info.plist ... 
2023-06-01 18:28:13 +0000  258 bytes for ./Payload/LandanoDemo.app/Base.lproj/LaunchScreen.storyboardc/Info.plist
copying file ./Payload/LandanoDemo.app/FontAwesome.ttf ... 
2023-06-01 18:28:13 +0000  165548 bytes for ./Payload/LandanoDemo.app/FontAwesome.ttf
copying file ./Payload/LandanoDemo.app/Zocial.ttf ... 
2023-06-01 18:28:13 +0000  25788 bytes for ./Payload/LandanoDemo.app/Zocial.ttf
copying file ./Payload/LandanoDemo.app/Assets.car ... 
2023-06-01 18:28:13 +0000  237903 bytes for ./Payload/LandanoDemo.app/Assets.car
copying file ./Payload/LandanoDemo.app/EvilIcons.ttf ... 
2023-06-01 18:28:13 +0000  13456 bytes for ./Payload/LandanoDemo.app/EvilIcons.ttf
copying file ./Payload/LandanoDemo.app/AppIcon76x76@2x~ipad.png ... 
2023-06-01 18:28:13 +0000  4950 bytes for ./Payload/LandanoDemo.app/AppIcon76x76@2x~ipad.png
2023-06-01 18:28:13 +0000  copying file ./Payload/LandanoDemo.app/LandanoDemo ... 
2023-06-01 18:28:13 +0000  7746736 bytes for ./Payload/LandanoDemo.app/LandanoDemo
2023-06-01 18:28:13 +0000  copying file ./Payload/LandanoDemo.app/SimpleLineIcons.ttf ... 
2023-06-01 18:28:13 +0000  54056 bytes for ./Payload/LandanoDemo.app/SimpleLineIcons.ttf
copying file ./Payload/LandanoDemo.app/embedded.mobileprovision ... 
2023-06-01 18:28:13 +0000  14419 bytes for ./Payload/LandanoDemo.app/embedded.mobileprovision
copying file ./Payload/LandanoDemo.app/Info.plist ... 
2023-06-01 18:28:13 +0000  4479 bytes for ./Payload/LandanoDemo.app/Info.plist
copying file ./Payload/LandanoDemo.app/PkgInfo ... 
2023-06-01 18:28:13 +0000  8 bytes for ./Payload/LandanoDemo.app/PkgInfo
copying file ./Payload/LandanoDemo.app/MaterialIcons.ttf ... 
2023-06-01 18:28:13 +0000  230384 bytes for ./Payload/LandanoDemo.app/MaterialIcons.ttf
2023-06-01 18:28:13 +0000  /usr/bin/ditto exited with 0
2023-06-01 18:28:13 +0000  Processing step: IDEDistributionAppStoreInformationStep
2023-06-01 18:28:13 +0000  Skipping step: IDEDistributionAppStoreInformationStep because it said so
2023-06-01 18:28:13 +0000  Processing step: IDEDistributionGenerateProcessedDistributionItems
2023-06-01 18:28:13 +0000  IDEDistributionItem init <DVTFilePath:0x6000229fa6f0:'/var/folders/3q/5vcnnwfx3hxfjj0_5w7mjjdm0000gn/T/XcodeDistPipeline.~~~3Dh3kv/Root/Payload/LandanoDemo.app'>
2023-06-01 18:28:13 +0000  Processing step: IDEDistributionCreateManifestStep
